
2014-11-11 16:35:30 INFO	(pid:15856) 11/11/14 16:35 app.rb : Emm monitoring (v. 1.4) starting
2014-11-11 16:35:30 INFO	(pid:15859) 11/11/14 16:35 app.rb : Parsing config file ... Ok :) 
2014-11-11 16:35:30 INFO	(pid:15886) 11/11/14 16:35 backlog.rb : Will process files from emm_output (mmsuper@emm_crissier(10.23.3.20)
2014-11-11 16:35:30 INFO	(pid:15889) 11/11/14 16:35 backlog.rb : Processing  from 20141109 to 20141109 
2014-11-11 16:35:30 INFO	(pid:15892) 11/11/14 16:35 file_manager.rb : Connected at mmsuper@10.23.3.20
2014-11-11 16:35:31 INFO	(pid:15901) 11/11/14 16:35 backlog.rb : Found 140 files from LSMSS10 on emm_output .
2014-11-11 16:35:33 INFO	(pid:15910) 11/11/14 16:35 backlog.rb : Found 172 files from LSMSS11 on emm_output .
2014-11-11 16:35:33 INFO	(pid:15919) 11/11/14 16:35 backlog.rb : Found 109 files from LSMSS30 on emm_output .
2014-11-11 16:35:34 INFO	(pid:15928) 11/11/14 16:35 backlog.rb : Found 126 files from LSMSS31 on emm_output .
2014-11-11 16:35:35 INFO	(pid:15937) 11/11/14 16:35 backlog.rb : Found 129 files from ZHMSS20 on emm_output .
2014-11-11 16:35:36 INFO	(pid:15946) 11/11/14 16:35 backlog.rb : Found 157 files from ZHMSS21 on emm_output .
2014-11-11 16:35:37 INFO	(pid:15955) 11/11/14 16:35 backlog.rb : Found 135 files from FLMSS01 on emm_output .
2014-11-11 16:35:37 INFO	(pid:15959) 11/11/14 16:35 sql.rb : Logged into nicotest at @localhost
2014-11-11 16:35:37 INFO	(pid:15962) 11/11/14 16:35 sql.rb : Logged OUT from  nicotest at @localhost
2014-11-11 16:35:38 INFO	(pid:16000) 11/11/14 16:35 backlog.rb : Filtering, 968 => 968 left.
2014-11-11 16:35:41 INFO	(pid:16003) 11/11/14 16:35 file_manager.rb : Will download 140 files to /home/ngailly/scripts/data/server/LSMSS10 ...  Done !
2014-11-11 16:35:49 INFO	(pid:16008) 11/11/14 16:35 file_manager.rb : Will download 172 files to /home/ngailly/scripts/data/server/LSMSS11 ...  Done !
2014-11-11 16:35:52 INFO	(pid:16011) 11/11/14 16:35 file_manager.rb : Will download 109 files to /home/ngailly/scripts/data/server/LSMSS30 ...  Done !
2014-11-11 16:35:55 INFO	(pid:16015) 11/11/14 16:35 file_manager.rb : Will download 126 files to /home/ngailly/scripts/data/server/LSMSS31 ...  Done !
2014-11-11 16:35:59 INFO	(pid:16018) 11/11/14 16:35 file_manager.rb : Will download 129 files to /home/ngailly/scripts/data/server/ZHMSS20 ...  Done !
2014-11-11 16:36:05 INFO	(pid:16021) 11/11/14 16:36 file_manager.rb : Will download 157 files to /home/ngailly/scripts/data/server/ZHMSS21 ...  Done !
2014-11-11 16:36:05 INFO	(pid:16024) 11/11/14 16:36 file_manager.rb : Will download 135 files to /home/ngailly/scripts/data/server/FLMSS01 ...  Done !
2014-11-11 16:36:05 INFO	(pid:16027) 11/11/14 16:36 file_manager.rb : Disconnected from mmsuper@10.23.3.20
2014-11-11 16:39:08 INFO	(pid:29932) 11/11/14 16:39 app.rb : Emm monitoring (v. 1.4) starting
2014-11-11 16:39:08 INFO	(pid:29935) 11/11/14 16:39 app.rb : Parsing config file ... Ok :) 
2014-11-11 16:39:09 INFO	(pid:29962) 11/11/14 16:39 backlog.rb : Will process files from emm_output (mmsuper@emm_crissier(10.23.3.20)
2014-11-11 16:39:09 INFO	(pid:29965) 11/11/14 16:39 backlog.rb : Processing  from 20141109 to 20141109 
2014-11-11 16:39:09 INFO	(pid:29968) 11/11/14 16:39 file_manager.rb : Connected at mmsuper@10.23.3.20
2014-11-11 16:39:10 INFO	(pid:29977) 11/11/14 16:39 backlog.rb : Found 140 files from LSMSS10 on emm_output .
2014-11-11 16:39:34 INFO	(pid:29994) 11/11/14 16:39 app.rb : Emm monitoring (v. 1.4) starting
2014-11-11 16:39:34 INFO	(pid:29997) 11/11/14 16:39 app.rb : Parsing config file ... Ok :) 
2014-11-11 16:39:34 INFO	(pid:30024) 11/11/14 16:39 backlog.rb : Will process files from emm_output (mmsuper@emm_crissier(10.23.3.20)
2014-11-11 16:39:34 INFO	(pid:30027) 11/11/14 16:39 backlog.rb : Processing  from 20141109 to 20141109 
2014-11-11 16:39:34 INFO	(pid:30030) 11/11/14 16:39 file_manager.rb : Connected at mmsuper@10.23.3.20
2014-11-11 16:39:35 INFO	(pid:30039) 11/11/14 16:39 backlog.rb : Found 140 files from LSMSS10 on emm_output .
2014-11-11 16:39:35 INFO	(pid:30043) 11/11/14 16:39 sql.rb : Logged into nicotest at @localhost
2014-11-11 16:39:35 INFO	(pid:30046) 11/11/14 16:39 sql.rb : Logged OUT from  nicotest at @localhost
2014-11-11 16:39:35 INFO	(pid:30054) 11/11/14 16:39 backlog.rb : Filtering, 140 => 140 left.
2014-11-11 16:39:40 INFO	(pid:30057) 11/11/14 16:39 file_manager.rb : Will download 140 files to /home/ngailly/scripts/data/server/LSMSS10 ...  Done !
2014-11-11 16:39:40 INFO	(pid:30060) 11/11/14 16:39 file_manager.rb : Disconnected from mmsuper@10.23.3.20
2014-11-11 16:39:42 INFO	(pid:30095) 11/11/14 16:39 processer.rb : Having processed 10%  now ...
2014-11-11 16:39:43 INFO	(pid:30126) 11/11/14 16:39 processer.rb : Having processed 20%  now ...
2014-11-11 16:39:45 INFO	(pid:30157) 11/11/14 16:39 processer.rb : Having processed 30%  now ...
2014-11-11 16:39:48 INFO	(pid:30188) 11/11/14 16:39 processer.rb : Having processed 40%  now ...
2014-11-11 16:40:41 INFO	(pid:30828) 11/11/14 16:40 app.rb : Emm monitoring (v. 1.4) starting
2014-11-11 16:40:41 INFO	(pid:30831) 11/11/14 16:40 app.rb : Parsing config file ... Ok :) 
2014-11-11 16:40:42 INFO	(pid:30858) 11/11/14 16:40 backlog.rb : Will process files from emm_output (mmsuper@emm_crissier(10.23.3.20)
2014-11-11 16:40:42 INFO	(pid:30861) 11/11/14 16:40 backlog.rb : Processing  from 20141109 to 20141109 
2014-11-11 16:40:42 INFO	(pid:30864) 11/11/14 16:40 file_manager.rb : Connected at mmsuper@10.23.3.20
2014-11-11 16:40:43 INFO	(pid:30873) 11/11/14 16:40 backlog.rb : Found 140 files from LSMSS10 on emm_output .
2014-11-11 16:40:43 INFO	(pid:30877) 11/11/14 16:40 sql.rb : Logged into nicotest at @localhost
2014-11-11 16:40:43 INFO	(pid:30880) 11/11/14 16:40 sql.rb : Logged OUT from  nicotest at @localhost
2014-11-11 16:40:43 INFO	(pid:30888) 11/11/14 16:40 backlog.rb : Filtering, 140 => 140 left.
2014-11-11 16:40:45 INFO	(pid:30891) 11/11/14 16:40 file_manager.rb : Will download 140 files to /home/ngailly/scripts/data/server/LSMSS10 ...  Done !
2014-11-11 16:40:46 INFO	(pid:30894) 11/11/14 16:40 file_manager.rb : Disconnected from mmsuper@10.23.3.20
2014-11-11 16:40:47 INFO	(pid:30929) 11/11/14 16:40 processer.rb : Having processed 10%  now ...
2014-11-11 16:40:48 INFO	(pid:30960) 11/11/14 16:40 processer.rb : Having processed 20%  now ...
2014-11-11 16:40:49 INFO	(pid:30993) 11/11/14 16:40 processer.rb : Having processed 30%  now ...
2014-11-11 16:40:52 INFO	(pid:31024) 11/11/14 16:40 processer.rb : Having processed 40%  now ...
2014-11-11 16:40:59 INFO	(pid:31066) 11/11/14 16:40 app.rb : Emm monitoring (v. 1.4) starting
2014-11-11 16:40:59 INFO	(pid:31069) 11/11/14 16:40 app.rb : Parsing config file ... Ok :) 
2014-11-11 16:40:59 INFO	(pid:31097) 11/11/14 16:40 backlog.rb : Will process files from emm_output (mmsuper@emm_crissier(10.23.3.20)
2014-11-11 16:40:59 INFO	(pid:31100) 11/11/14 16:40 backlog.rb : Processing  from 20141109 to 20141109 
2014-11-11 16:40:59 INFO	(pid:31103) 11/11/14 16:40 file_manager.rb : Connected at mmsuper@10.23.3.20
2014-11-11 16:41:00 INFO	(pid:31112) 11/11/14 16:41 backlog.rb : Found 140 files from LSMSS10 on emm_output .
2014-11-11 16:41:00 INFO	(pid:31116) 11/11/14 16:41 sql.rb : Logged into nicotest at @localhost
2014-11-11 16:41:00 INFO	(pid:31119) 11/11/14 16:41 sql.rb : Logged OUT from  nicotest at @localhost
2014-11-11 16:41:01 INFO	(pid:31127) 11/11/14 16:41 backlog.rb : Filtering, 140 => 140 left.
2014-11-11 16:41:03 INFO	(pid:31130) 11/11/14 16:41 file_manager.rb : Will download 140 files to /home/ngailly/scripts/data/server/LSMSS10 ...  Done !
2014-11-11 16:41:03 INFO	(pid:31133) 11/11/14 16:41 file_manager.rb : Disconnected from mmsuper@10.23.3.20
2014-11-11 16:41:04 INFO	(pid:31168) 11/11/14 16:41 processer.rb : Having processed 10%  now ...
2014-11-11 16:41:05 INFO	(pid:31199) 11/11/14 16:41 processer.rb : Having processed 20%  now ...
2014-11-11 16:41:06 INFO	(pid:31230) 11/11/14 16:41 processer.rb : Having processed 30%  now ...
2014-11-11 16:41:09 INFO	(pid:31261) 11/11/14 16:41 processer.rb : Having processed 40%  now ...
2014-11-11 16:41:12 INFO	(pid:31294) 11/11/14 16:41 processer.rb : Having processed 50%  now ...
2014-11-11 16:41:15 INFO	(pid:31325) 11/11/14 16:41 processer.rb : Having processed 60%  now ...
2014-11-11 16:41:18 INFO	(pid:31356) 11/11/14 16:41 processer.rb : Having processed 70%  now ...
2014-11-11 16:41:21 INFO	(pid:31387) 11/11/14 16:41 processer.rb : Having processed 80%  now ...
2014-11-11 16:41:24 INFO	(pid:31418) 11/11/14 16:41 processer.rb : Having processed 90%  now ...
2014-11-11 16:41:26 INFO	(pid:31445) 11/11/14 16:41 sql.rb : Logged into nicotest at @localhost
2014-11-11 16:41:27 INFO	(pid:31523) 11/11/14 16:41 processer.rb : Monitor types has recorded 25 different time lines 
2014-11-11 16:41:27 INFO	(pid:31532) 11/11/14 16:41 sql.rb : Logged OUT from  nicotest at @localhost
2014-11-11 16:41:28 INFO	(pid:31815) 11/11/14 16:41 backlog.rb : Will process files from emm_input (mmsuper@emm_crissier(10.23.3.20)
2014-11-11 16:41:28 INFO	(pid:31818) 11/11/14 16:41 backlog.rb : Processing  from 20141109 to 20141109 
2014-11-11 16:41:28 INFO	(pid:31821) 11/11/14 16:41 file_manager.rb : Connected at mmsuper@10.23.3.20
2014-11-11 16:41:32 INFO	(pid:31830) 11/11/14 16:41 backlog.rb : Found 140 files from LSMSS10 on emm_input .
2014-11-11 16:41:32 INFO	(pid:31833) 11/11/14 16:41 sql.rb : Logged into nicotest at @localhost
2014-11-11 16:41:32 INFO	(pid:31836) 11/11/14 16:41 sql.rb : Logged OUT from  nicotest at @localhost
2014-11-11 16:41:32 INFO	(pid:31844) 11/11/14 16:41 backlog.rb : Filtering, 140 => 140 left.
2014-11-11 16:42:04 INFO	(pid:31850) 11/11/14 16:42 file_manager.rb : Will download 140 files to /home/ngailly/scripts/data/server/LSMSS10 ...  Done !
2014-11-11 16:42:04 INFO	(pid:31853) 11/11/14 16:42 file_manager.rb : Disconnected from mmsuper@10.23.3.20
2014-11-11 16:46:10 INFO	(pid:731) 11/11/14 16:46 sql.rb : Logged into nicotest at @localhost
2014-11-11 16:46:11 INFO	(pid:809) 11/11/14 16:46 processer.rb : Monitor types has recorded 25 different time lines 
2014-11-11 16:46:11 INFO	(pid:818) 11/11/14 16:46 sql.rb : Logged OUT from  nicotest at @localhost
2014-11-11 16:47:35 INFO	(pid:1140) 11/11/14 16:47 app.rb : Emm monitoring (v. 1.4) starting
2014-11-11 16:47:35 INFO	(pid:1143) 11/11/14 16:47 app.rb : Parsing config file ... Ok :) 
2014-11-11 16:47:35 INFO	(pid:1171) 11/11/14 16:47 backlog.rb : Will process files from emm_output (mmsuper@emm_crissier(10.23.3.20)
2014-11-11 16:47:35 INFO	(pid:1174) 11/11/14 16:47 backlog.rb : Processing  from 20141109 to 20141109 
2014-11-11 16:47:35 INFO	(pid:1177) 11/11/14 16:47 file_manager.rb : Connected at mmsuper@10.23.3.20
2014-11-11 16:49:57 INFO	(pid:1204) 11/11/14 16:49 app.rb : Emm monitoring (v. 1.4) starting
2014-11-11 16:49:57 INFO	(pid:1207) 11/11/14 16:49 app.rb : Parsing config file ... Ok :) 
2014-11-11 16:51:26 INFO	(pid:1852) 11/11/14 16:51 app.rb : Emm monitoring (v. 1.4) starting
2014-11-11 16:51:26 INFO	(pid:1855) 11/11/14 16:51 app.rb : Parsing config file ... Ok :) 
2014-11-11 17:00:21 INFO	(pid:3113) 11/11/14 17:00 app.rb : Emm monitoring (v. 1.4) starting
2014-11-11 17:00:21 INFO	(pid:3116) 11/11/14 17:00 app.rb : Parsing config file ... Ok :) 
2014-11-11 17:00:21 INFO	(pid:3143) 11/11/14 17:00 backlog.rb : Will process files from emm_input (mmsuper@emm_crissier(10.23.3.20)
2014-11-11 17:00:21 INFO	(pid:3146) 11/11/14 17:00 backlog.rb : Processing  from 20141110 to 20141110 
2014-11-11 17:00:21 INFO	(pid:3149) 11/11/14 17:00 file_manager.rb : Connected at mmsuper@10.23.3.20
2014-11-11 17:00:25 INFO	(pid:3158) 11/11/14 17:00 backlog.rb : Found 189 files from LSMSS31 on emm_input .
2014-11-11 17:00:29 INFO	(pid:3167) 11/11/14 17:00 backlog.rb : Found 195 files from ZHMSS20 on emm_input .
2014-11-11 17:00:34 INFO	(pid:3176) 11/11/14 17:00 backlog.rb : Found 253 files from ZHMSS21 on emm_input .
2014-11-11 17:00:34 INFO	(pid:3185) 11/11/14 17:00 backlog.rb : Found 212 files from LSMSS10 on emm_input .
2014-11-11 17:00:39 INFO	(pid:3194) 11/11/14 17:00 backlog.rb : Found 279 files from LSMSS11 on emm_input .
2014-11-11 17:00:43 INFO	(pid:3203) 11/11/14 17:00 backlog.rb : Found 151 files from LSMSS30 on emm_input .
2014-11-11 17:00:46 INFO	(pid:3212) 11/11/14 17:00 backlog.rb : Found 127 files from FLMSS01 on emm_input .
2014-11-11 17:00:46 INFO	(pid:3216) 11/11/14 17:00 sql.rb : Logged into nicotest at @localhost
2014-11-11 17:00:47 INFO	(pid:3219) 11/11/14 17:00 sql.rb : Logged OUT from  nicotest at @localhost
2014-11-11 17:00:47 INFO	(pid:3257) 11/11/14 17:00 backlog.rb : Filtering, 1406 => 1042 left.
2014-11-11 17:01:16 INFO	(pid:3263) 11/11/14 17:01 file_manager.rb : Will download 138 files to /home/ngailly/scripts/data/server/LSMSS31 ...  Done !
2014-11-11 17:01:49 INFO	(pid:3266) 11/11/14 17:01 file_manager.rb : Will download 143 files to /home/ngailly/scripts/data/server/ZHMSS20 ...  Done !
2014-11-11 17:02:48 INFO	(pid:3272) 11/11/14 17:02 file_manager.rb : Will download 195 files to /home/ngailly/scripts/data/server/ZHMSS21 ...  Done !
2014-11-11 17:03:28 INFO	(pid:3278) 11/11/14 17:03 file_manager.rb : Will download 160 files to /home/ngailly/scripts/data/server/LSMSS10 ...  Done !
2014-11-11 17:04:31 INFO	(pid:3285) 11/11/14 17:04 file_manager.rb : Will download 218 files to /home/ngailly/scripts/data/server/LSMSS11 ...  Done !
2014-11-11 17:04:56 INFO	(pid:3291) 11/11/14 17:04 file_manager.rb : Will download 105 files to /home/ngailly/scripts/data/server/LSMSS30 ...  Done !
2014-11-11 17:05:00 INFO	(pid:3319) 11/11/14 17:05 file_manager.rb : Will download 83 files to /home/ngailly/scripts/data/server/FLMSS01 ...  Done !
2014-11-11 17:05:00 INFO	(pid:3322) 11/11/14 17:05 file_manager.rb : Disconnected from mmsuper@10.23.3.20
2014-11-11 17:07:41 INFO	(pid:4268) 11/11/14 17:07 app.rb : Emm monitoring (v. 1.4) starting
2014-11-11 17:07:41 INFO	(pid:4271) 11/11/14 17:07 app.rb : Parsing config file ... Ok :) 
2014-11-11 17:07:41 INFO	(pid:4275) 11/11/14 17:07 sql.rb : Logged into nicotest at @localhost
2014-11-11 17:07:42 INFO	(pid:4278) 11/11/14 17:07 tables.rb : Created table for MSS:Monitor world_call
2014-11-11 17:07:42 INFO	(pid:4281) 11/11/14 17:07 tables.rb : Created table for MSS:Monitor_records
2014-11-11 17:07:42 INFO	(pid:4284) 11/11/14 17:07 tables.rb : Created table for MSS:Monitor records backlog
2014-11-11 17:07:42 INFO	(pid:4289) 11/11/14 17:07 sql.rb : Logged OUT from  nicotest at @localhost
2014-11-11 17:09:13 INFO	(pid:4531) 11/11/14 17:09 processer.rb : Having processed 10%  now ...
2014-11-11 17:13:05 INFO	(pid:5730) 11/11/14 17:13 processer.rb : Having processed 20%  now ...
2014-11-11 17:16:41 INFO	(pid:6833) 11/11/14 17:16 app.rb : Emm monitoring (v. 1.4) starting
2014-11-11 17:16:41 INFO	(pid:6836) 11/11/14 17:16 app.rb : Parsing config file ... Ok :) 
2014-11-11 17:16:41 INFO	(pid:6840) 11/11/14 17:16 sql.rb : Logged into nicotest at @localhost
2014-11-11 17:16:54 INFO	(pid:6870) 11/11/14 17:16 processer.rb : Having processed 10%  now ...
2014-11-11 17:17:01 INFO	(pid:6892) 11/11/14 17:17 processer.rb : Having processed 20%  now ...
2014-11-11 17:17:02 INFO	(pid:6895) 11/11/14 17:17 processer.rb : Having processed 30%  now ...
2014-11-11 17:17:09 INFO	(pid:6913) 11/11/14 17:17 processer.rb : Having processed 30%  now ...
2014-11-11 17:17:17 INFO	(pid:6936) 11/11/14 17:17 processer.rb : Having processed 40%  now ...
2014-11-11 17:17:24 INFO	(pid:6954) 11/11/14 17:17 processer.rb : Having processed 50%  now ...
2014-11-11 17:17:32 INFO	(pid:6972) 11/11/14 17:17 processer.rb : Having processed 60%  now ...
2014-11-11 17:17:40 INFO	(pid:6995) 11/11/14 17:17 processer.rb : Having processed 70%  now ...
2014-11-11 17:17:48 INFO	(pid:7013) 11/11/14 17:17 processer.rb : Having processed 80%  now ...
2014-11-11 17:17:55 INFO	(pid:7034) 11/11/14 17:17 processer.rb : Having processed 90%  now ...
2014-11-11 17:18:04 INFO	(pid:7057) 11/11/14 17:18 processer.rb : Having processed 100%  now ...
2014-11-11 17:18:25 INFO	(pid:7100) 11/11/14 17:18 sql.rb : Logged OUT from  nicotest at @localhost
2014-11-11 17:18:25 INFO	(pid:7103) 11/11/14 17:18 sql.rb : Logged into nicotest at @localhost
2014-11-11 17:18:25 INFO	(pid:7106) 11/11/14 17:18 processer.rb : Monitor world_call has recorded 0 different time lines 
2014-11-11 17:18:25 INFO	(pid:7109) 11/11/14 17:18 processer.rb : Monitor world_call has processed 0 files !
2014-11-11 17:18:25 INFO	(pid:7112) 11/11/14 17:18 sql.rb : Logged OUT from  nicotest at @localhost
2014-11-11 17:21:14 INFO	(pid:8064) 11/11/14 17:21 processer.rb : Having processed 40%  now ...
2014-11-11 17:22:51 INFO	(pid:8289) 11/11/14 17:22 app.rb : Emm monitoring (v. 1.4) starting
2014-11-11 17:22:51 INFO	(pid:8292) 11/11/14 17:22 app.rb : Parsing config file ... Ok :) 
2014-11-11 17:22:51 INFO	(pid:8297) 11/11/14 17:22 sql.rb : Logged into nicotest at @localhost
2014-11-11 17:24:36 INFO	(pid:8567) 11/11/14 17:24 app.rb : Emm monitoring (v. 1.4) starting
2014-11-11 17:24:36 INFO	(pid:8570) 11/11/14 17:24 app.rb : Parsing config file ... Ok :) 
2014-11-11 17:25:14 INFO	(pid:9211) 11/11/14 17:25 processer.rb : Having processed 50%  now ...
2014-11-11 17:27:53 INFO	(pid:9642) 11/11/14 17:27 app.rb : Emm monitoring (v. 1.4) starting
2014-11-11 17:27:53 INFO	(pid:9645) 11/11/14 17:27 app.rb : Parsing config file ... Ok :) 
2014-11-11 17:27:54 INFO	(pid:9649) 11/11/14 17:27 sql.rb : Logged into nicotest at @localhost
2014-11-11 17:29:11 INFO	(pid:9831) 11/11/14 17:29 processer.rb : Having processed 60%  now ...
2014-11-11 17:29:30 INFO	(pid:9889) 11/11/14 17:29 processer.rb : Having processed 10%  now ...
2014-11-11 17:29:38 INFO	(pid:9907) 11/11/14 17:29 processer.rb : Having processed 20%  now ...
2014-11-11 17:29:47 INFO	(pid:9930) 11/11/14 17:29 processer.rb : Having processed 30%  now ...
2014-11-11 17:33:16 INFO	(pid:10972) 11/11/14 17:33 processer.rb : Having processed 70%  now ...
2014-11-11 17:33:40 INFO	(pid:11039) 11/11/14 17:33 app.rb : Emm monitoring (v. 1.4) starting
2014-11-11 17:33:40 INFO	(pid:11042) 11/11/14 17:33 app.rb : Parsing config file ... Ok :) 
2014-11-11 17:33:40 INFO	(pid:11046) 11/11/14 17:33 sql.rb : Logged into nicotest at @localhost
2014-11-11 17:34:05 INFO	(pid:11121) 11/11/14 17:34 app.rb : Emm monitoring (v. 1.4) starting
2014-11-11 17:34:05 INFO	(pid:11124) 11/11/14 17:34 app.rb : Parsing config file ... Ok :) 
2014-11-11 17:34:05 INFO	(pid:11130) 11/11/14 17:34 sql.rb : Logged into nicotest at @localhost
2014-11-11 17:34:29 INFO	(pid:11195) 11/11/14 17:34 app.rb : Emm monitoring (v. 1.4) starting
2014-11-11 17:34:29 INFO	(pid:11198) 11/11/14 17:34 app.rb : Parsing config file ... Ok :) 
2014-11-11 17:34:29 INFO	(pid:11202) 11/11/14 17:34 sql.rb : Logged into nicotest at @localhost
2014-11-11 17:37:00 INFO	(pid:11851) 11/11/14 17:37 app.rb : Emm monitoring (v. 1.4) starting
2014-11-11 17:37:00 INFO	(pid:11854) 11/11/14 17:37 app.rb : Parsing config file ... Ok :) 
2014-11-11 17:37:00 INFO	(pid:11858) 11/11/14 17:37 sql.rb : Logged into nicotest at @localhost
2014-11-11 17:37:13 INFO	(pid:11861) 11/11/14 17:37 processer.rb : Having processed 10%  now ...
2014-11-11 17:37:20 INFO	(pid:11864) 11/11/14 17:37 processer.rb : Having processed 20%  now ...
2014-11-11 17:37:28 INFO	(pid:11867) 11/11/14 17:37 processer.rb : Having processed 30%  now ...
2014-11-11 17:37:35 INFO	(pid:11870) 11/11/14 17:37 processer.rb : Having processed 40%  now ...
2014-11-11 17:38:15 INFO	(pid:11890) 11/11/14 17:38 app.rb : Emm monitoring (v. 1.4) starting
2014-11-11 17:38:15 INFO	(pid:11893) 11/11/14 17:38 app.rb : Parsing config file ... Ok :) 
2014-11-11 17:38:15 INFO	(pid:11897) 11/11/14 17:38 sql.rb : Logged into nicotest at @localhost
2014-11-11 17:38:28 INFO	(pid:11900) 11/11/14 17:38 processer.rb : Having processed 10%  now ...
2014-11-11 17:38:35 INFO	(pid:11903) 11/11/14 17:38 processer.rb : Having processed 20%  now ...
2014-11-11 17:38:43 INFO	(pid:11907) 11/11/14 17:38 processer.rb : Having processed 30%  now ...
2014-11-11 17:40:44 INFO	(pid:12536) 11/11/14 17:40 app.rb : Emm monitoring (v. 1.4) starting
2014-11-11 17:40:44 INFO	(pid:12539) 11/11/14 17:40 app.rb : Parsing config file ... Ok :) 
2014-11-11 17:40:44 INFO	(pid:12543) 11/11/14 17:40 sql.rb : Logged into nicotest at @localhost
2014-11-11 17:40:56 INFO	(pid:12549) 11/11/14 17:40 processer.rb : Having processed 10%  now ...
2014-11-11 17:42:44 INFO	(pid:12569) 11/11/14 17:42 app.rb : Emm monitoring (v. 1.4) starting
2014-11-11 17:42:44 INFO	(pid:12572) 11/11/14 17:42 app.rb : Parsing config file ... Ok :) 
2014-11-11 17:42:44 INFO	(pid:12576) 11/11/14 17:42 sql.rb : Logged into nicotest at @localhost
2014-11-11 17:42:56 INFO	(pid:12582) 11/11/14 17:42 processer.rb : Having processed 10%  now ...
2014-11-11 17:43:04 INFO	(pid:12585) 11/11/14 17:43 processer.rb : Having processed 20%  now ...
2014-11-11 17:43:11 INFO	(pid:12588) 11/11/14 17:43 processer.rb : Having processed 30%  now ...
2014-11-11 17:43:19 INFO	(pid:12591) 11/11/14 17:43 processer.rb : Having processed 40%  now ...
2014-11-11 17:43:26 INFO	(pid:12594) 11/11/14 17:43 processer.rb : Having processed 50%  now ...
2014-11-11 17:43:34 INFO	(pid:12597) 11/11/14 17:43 processer.rb : Having processed 60%  now ...
2014-11-11 17:43:42 INFO	(pid:12600) 11/11/14 17:43 processer.rb : Having processed 70%  now ...
2014-11-11 17:43:49 INFO	(pid:12603) 11/11/14 17:43 processer.rb : Having processed 80%  now ...
2014-11-11 17:43:57 INFO	(pid:12611) 11/11/14 17:43 processer.rb : Having processed 90%  now ...
2014-11-11 17:44:06 INFO	(pid:12617) 11/11/14 17:44 processer.rb : Having processed 100%  now ...
2014-11-11 17:44:26 INFO	(pid:12622) 11/11/14 17:44 sql.rb : Logged OUT from  nicotest at @localhost
2014-11-11 17:44:26 INFO	(pid:12625) 11/11/14 17:44 sql.rb : Logged into nicotest at @localhost
2014-11-11 17:44:26 INFO	(pid:12628) 11/11/14 17:44 processer.rb : Monitor world_call has recorded 0 different time lines 
2014-11-11 17:44:26 INFO	(pid:12631) 11/11/14 17:44 processer.rb : Monitor world_call has processed 0 files !
2014-11-11 17:44:26 INFO	(pid:12634) 11/11/14 17:44 sql.rb : Logged OUT from  nicotest at @localhost
